DEPRECATION WARNING: config.action_view.debug_rjs will be removed in 3.1, from 3.1 onwards you will need to install prototype-rails to continue to use RJS templates . (called from <top (required)> at /home/crashoverride/rails_apps/sample_app/config/environment.rb:5)
  [1m[36mSQL (0.4ms)[0m  [1mselect sqlite_version(*)[0m
  [1m[35mSQL (0.1ms)[0m   SELECT name
 FROM sqlite_master
 WHERE type = 'table' AND NOT name = 'sqlite_sequence'
  [1m[36mSQL (97.6ms)[0m  [1mCREATE TABLE "microposts" ("id" INTEGER PRIMARY KEY AUTOINCREMENT NOT NULL, "content" varchar(255), "user_id" integer, "created_at" datetime, "updated_at" datetime) [0m
  [1m[35mSQL (0.1ms)[0m  PRAGMA index_list("microposts")
  [1m[36mSQL (42.3ms)[0m  [1mCREATE INDEX "index_microposts_on_user_id" ON "microposts" ("user_id")[0m
  [1m[35mSQL (0.3ms)[0m   SELECT name
 FROM sqlite_master
 WHERE type = 'table' AND NOT name = 'sqlite_sequence'
  [1m[36mSQL (50.3ms)[0m  [1mCREATE TABLE "relationships" ("id" INTEGER PRIMARY KEY AUTOINCREMENT NOT NULL, "follower_id" integer, "followed_id" integer, "created_at" datetime, "updated_at" datetime) [0m
  [1m[35mSQL (0.1ms)[0m  PRAGMA index_list("relationships")
  [1m[36mSQL (50.9ms)[0m  [1mCREATE INDEX "index_relationships_on_followed_id" ON "relationships" ("followed_id")[0m
  [1m[35mSQL (0.1ms)[0m  PRAGMA index_list("relationships")
  [1m[36mSQL (0.1ms)[0m  [1mPRAGMA index_info('index_relationships_on_followed_id')[0m
  [1m[35mSQL (143.1ms)[0m  CREATE INDEX "index_relationships_on_follower_id" ON "relationships" ("follower_id")
  [1m[36mSQL (0.2ms)[0m  [1m SELECT name
 FROM sqlite_master
 WHERE type = 'table' AND NOT name = 'sqlite_sequence'
[0m
  [1m[35mSQL (65.2ms)[0m  CREATE TABLE "users" ("id" INTEGER PRIMARY KEY AUTOINCREMENT NOT NULL, "name" varchar(255), "email" varchar(255), "created_at" datetime, "updated_at" datetime, "encrypted_password" varchar(255), "salt" varchar(255), "admin" boolean DEFAULT 'f') 
  [1m[36mSQL (0.1ms)[0m  [1mPRAGMA index_list("users")[0m
  [1m[35mSQL (50.7ms)[0m  CREATE UNIQUE INDEX "index_users_on_email" ON "users" ("email")
  [1m[36mSQL (0.2ms)[0m  [1m SELECT name
 FROM sqlite_master
 WHERE type = 'table' AND NOT name = 'sqlite_sequence'
[0m
  [1m[35mSQL (42.2ms)[0m  CREATE TABLE "schema_migrations" ("version" varchar(255) NOT NULL) 
  [1m[36mSQL (0.1ms)[0m  [1mPRAGMA index_list("schema_migrations")[0m
  [1m[35mSQL (76.5ms)[0m  CREATE UNIQUE INDEX "unique_schema_migrations" ON "schema_migrations" ("version")
  [1m[36mSQL (0.2ms)[0m  [1m SELECT name
 FROM sqlite_master
 WHERE type = 'table' AND NOT name = 'sqlite_sequence'
[0m
  [1m[35mSQL (0.1ms)[0m  SELECT version FROM "schema_migrations"
  [1m[36mSQL (125.8ms)[0m  [1mINSERT INTO "schema_migrations" (version) VALUES ('20100831012055')[0m
  [1m[35mSQL (42.7ms)[0m  INSERT INTO "schema_migrations" (version) VALUES ('20100822204528')
  [1m[36mSQL (42.9ms)[0m  [1mINSERT INTO "schema_migrations" (version) VALUES ('20100829021049')[0m
  [1m[35mSQL (42.9ms)[0m  INSERT INTO "schema_migrations" (version) VALUES ('20100829210229')
  [1m[36mSQL (42.8ms)[0m  [1mINSERT INTO "schema_migrations" (version) VALUES ('20100822012431')[0m
  [1m[35mSQL (76.2ms)[0m  INSERT INTO "schema_migrations" (version) VALUES ('20100822233125')
  [1m[36mSQL (117.7ms)[0m  [1mINSERT INTO "schema_migrations" (version) VALUES ('20100821203213')[0m
  [1m[35mSQL (0.2ms)[0m   SELECT name
 FROM sqlite_master
 WHERE type = 'table' AND NOT name = 'sqlite_sequence'
  [1m[36mSQL (0.2ms)[0m  [1m SELECT name
 FROM sqlite_master
 WHERE type = 'table' AND NOT name = 'sqlite_sequence'
[0m
  [1m[35mSQL (0.2ms)[0m  SELECT "schema_migrations"."version" FROM "schema_migrations"
DEPRECATION WARNING: config.action_view.debug_rjs will be removed in 3.1, from 3.1 onwards you will need to install prototype-rails to continue to use RJS templates . (called from <top (required)> at /home/crashoverride/rails_apps/sample_app/config/environment.rb:5)


Started GET "/" for 127.0.0.1 at 2011-06-16 15:06:39 -0700
  Processing by PagesController#home as HTML
  [1m[36mSQL (0.2ms)[0m  [1m SELECT name
 FROM sqlite_master
 WHERE type = 'table' AND NOT name = 'sqlite_sequence'
[0m
  [1m[35mUser Load (0.1ms)[0m  SELECT "users".* FROM "users" WHERE "users"."id" IS NULL LIMIT 1
  [1m[36mCACHE (0.0ms)[0m  [1mSELECT "users".* FROM "users" WHERE "users"."id" IS NULL LIMIT 1[0m
Rendered layouts/_stylesheets.html.erb (1.2ms)
  [1m[35mCACHE (0.0ms)[0m  SELECT "users".* FROM "users" WHERE "users"."id" IS NULL LIMIT 1
  [1m[36mCACHE (0.0ms)[0m  [1mSELECT "users".* FROM "users" WHERE "users"."id" IS NULL LIMIT 1[0m
Rendered layouts/_header.html.erb (2.7ms)
Rendered layouts/_footer.html.erb (1.1ms)
Rendered pages/home.html.erb within layouts/application (12.8ms)
Completed 200 OK in 100ms (Views: 17.4ms | ActiveRecord: 0.4ms)


Started GET "/signup" for 127.0.0.1 at 2011-06-16 15:06:53 -0700
  Processing by UsersController#new as HTML
Rendered shared/_error_messages.html.erb (0.8ms)
Rendered users/_fields.html.erb (5.9ms)
Rendered layouts/_stylesheets.html.erb (1.2ms)
  [1m[35mUser Load (0.2ms)[0m  SELECT "users".* FROM "users" WHERE "users"."id" IS NULL LIMIT 1
  [1m[36mCACHE (0.0ms)[0m  [1mSELECT "users".* FROM "users" WHERE "users"."id" IS NULL LIMIT 1[0m
Rendered layouts/_header.html.erb (7.4ms)
Rendered layouts/_footer.html.erb (1.0ms)
Rendered users/new.html.erb within layouts/application (62.1ms)
Completed 200 OK in 96ms (Views: 66.5ms | ActiveRecord: 0.2ms)


Started POST "/users" for 127.0.0.1 at 2011-06-16 15:07:06 -0700
  Processing by UsersController#create as HTML
  Parameters: {"utf8"=>"✓", "authenticity_token"=>"AwydEmowZDQOAVjDZOOGW4vx//J5cV/Kv9gb1i60Ub8=", "user"=>{"name"=>"ben", "email"=>"ben@test.com", "password"=>"[FILTERED]", "password_confirmation"=>"[FILTERED]"}, "commit"=>"Sign up"}
  [1m[35mSQL (0.2ms)[0m  SELECT 1 FROM "users" WHERE (LOWER("users"."email") = LOWER('ben@test.com')) LIMIT 1
  [1m[36mAREL (0.4ms)[0m  [1mINSERT INTO "users" ("name", "email", "created_at", "updated_at", "encrypted_password", "salt", "admin") VALUES ('ben', 'ben@test.com', '2011-06-16 22:07:06.576811', '2011-06-16 22:07:06.576811', '20412f4d9df0e1730198d3aafc05962ae8a20295ba133a2eb4d632bd24e82887', 'ecfd375d39524cd1da39ecb9fcb0ca78bad22f911b28bd3652c0ca2d87c8141e', 'f')[0m
Redirected to http://localhost:3000/users/1
Completed 302 Found in 219ms


Started GET "/users/1" for 127.0.0.1 at 2011-06-16 15:07:06 -0700
  Processing by UsersController#show as HTML
  Parameters: {"id"=>"1"}
  [1m[35mUser Load (0.2ms)[0m  SELECT "users".* FROM "users" WHERE "users"."id" = 1 LIMIT 1
  [1m[36mMicropost Load (0.3ms)[0m  [1mSELECT "microposts".* FROM "microposts" WHERE ("microposts".user_id = 1) ORDER BY microposts.created_at DESC LIMIT 30 OFFSET 0[0m
  [1m[35mCACHE (0.0ms)[0m  SELECT "users".* FROM "users" WHERE "users"."id" = 1 LIMIT 1
Rendered users/_follow_form.html.erb (0.8ms)
  [1m[36mSQL (0.2ms)[0m  [1mSELECT COUNT(*) FROM "microposts" WHERE ("microposts".user_id = 1)[0m
  [1m[35mCACHE (0.0ms)[0m  SELECT COUNT(*) FROM "microposts" WHERE ("microposts".user_id = 1)
  [1m[36mSQL (0.2ms)[0m  [1mSELECT COUNT(*) FROM "users" INNER JOIN "relationships" ON "users".id = "relationships".followed_id WHERE (("relationships".follower_id = 1))[0m
  [1m[35mSQL (2.0ms)[0m  SELECT COUNT(*) FROM "users" INNER JOIN "relationships" ON "users".id = "relationships".follower_id WHERE (("relationships".followed_id = 1))
Rendered shared/_stats.html.erb (62.1ms)
Rendered layouts/_stylesheets.html.erb (1.3ms)
Rendered layouts/_header.html.erb (2.9ms)
Rendered layouts/_footer.html.erb (1.0ms)
Rendered users/show.html.erb within layouts/application (84.5ms)
Completed 200 OK in 151ms (Views: 86.5ms | ActiveRecord: 2.9ms)


Started GET "/users" for 127.0.0.1 at 2011-06-16 15:07:13 -0700
  Processing by UsersController#index as HTML
  [1m[36mUser Load (1.7ms)[0m  [1mSELECT "users".* FROM "users" WHERE "users"."id" = 1 LIMIT 1[0m
  [1m[35mUser Load (0.2ms)[0m  SELECT "users".* FROM "users" LIMIT 30 OFFSET 0
Rendered users/_user.html.erb (1.6ms)
Rendered layouts/_stylesheets.html.erb (1.3ms)
Rendered layouts/_header.html.erb (2.9ms)
Rendered layouts/_footer.html.erb (1.0ms)
Rendered users/index.html.erb within layouts/application (14.5ms)
Completed 200 OK in 91ms (Views: 19.0ms | ActiveRecord: 2.5ms)


Started GET "/signout" for 127.0.0.1 at 2011-06-16 15:07:14 -0700
  Processing by SessionsController#destroy as HTML
Redirected to http://localhost:3000/
Completed 302 Found in 1ms


Started GET "/" for 127.0.0.1 at 2011-06-16 15:07:14 -0700
  Processing by PagesController#home as HTML
  [1m[36mUser Load (0.2ms)[0m  [1mSELECT "users".* FROM "users" WHERE "users"."id" IS NULL LIMIT 1[0m
  [1m[35mCACHE (0.0ms)[0m  SELECT "users".* FROM "users" WHERE "users"."id" IS NULL LIMIT 1
Rendered layouts/_stylesheets.html.erb (1.2ms)
  [1m[36mCACHE (0.0ms)[0m  [1mSELECT "users".* FROM "users" WHERE "users"."id" IS NULL LIMIT 1[0m
  [1m[35mCACHE (0.0ms)[0m  SELECT "users".* FROM "users" WHERE "users"."id" IS NULL LIMIT 1
Rendered layouts/_header.html.erb (2.8ms)
Rendered layouts/_footer.html.erb (1.0ms)
Rendered pages/home.html.erb within layouts/application (12.4ms)
Completed 200 OK in 52ms (Views: 16.7ms | ActiveRecord: 0.2ms)
